[
  {
    "line": 2,
    "elements": [
      {
        "line": 7,
        "name": "",
        "description": "",
        "type": "background",
        "keyword": "Background",
        "steps": [
          {
            "result": {
              "duration": 4580092900,
              "status": "passed"
            },
            "line": 8,
            "name": "As an entity user, I am logged in",
            "match": {
              "location": "step_definitions.ItemsManagementSteps.as_an_entity_user_i_am_logged_in()"
            },
            "keyword": "Given "
          },
          {
            "result": {
              "duration": 1170484200,
              "status": "passed"
            },
            "line": 9,
            "name": "I navigate to Items tab",
            "match": {
              "location": "step_definitions.ItemsManagementSteps.i_navigate_to_items_tab()"
            },
            "keyword": "And "
          }
        ]
      },
      {
        "start_timestamp": "2024-01-01T22:41:47.638Z",
        "before": [
          {
            "result": {
              "duration": 2619845300,
              "status": "passed"
            },
            "match": {
              "location": "step_definitions.CommonHooks.setup()"
            }
          }
        ],
        "line": 29,
        "name": "As a user, I am able to delete an item",
        "description": "",
        "id": "items-management;as-a-user--i-am-able-to-delete-an-item",
        "after": [
          {
            "result": {
              "duration": 276915900,
              "status": "passed"
            },
            "match": {
              "location": "step_definitions.CommonHooks.teardown()"
            }
          }
        ],
        "type": "scenario",
        "keyword": "Scenario",
        "steps": [
          {
            "result": {
              "duration": 59890300,
              "status": "passed"
            },
            "line": 30,
            "name": "I click on the Add Item button",
            "match": {
              "location": "step_definitions.ItemsManagementSteps.i_click_on_the_add_item_button()"
            },
            "keyword": "When "
          },
          {
            "result": {
              "duration": 65603900,
              "status": "passed"
            },
            "line": 31,
            "name": "I should be on item input page",
            "match": {
              "location": "step_definitions.ItemsManagementSteps.i_should_be_on_item_input_page()"
            },
            "keyword": "Then "
          },
          {
            "result": {
              "duration": 2794603800,
              "status": "passed"
            },
            "line": 32,
            "name": "I create an item with following information",
            "match": {
              "location": "step_definitions.ItemsManagementSteps.i_create_an_item_with_following_information(io.cucumber.datatable.DataTable)"
            },
            "rows": [
              {
                "cells": [
                  "food",
                  "3",
                  "dz",
                  "some description"
                ]
              }
            ],
            "keyword": "When "
          },
          {
            "result": {
              "duration": 3896727200,
              "status": "passed"
            },
            "line": 34,
            "name": "The Item is added to the Item list table",
            "match": {
              "location": "step_definitions.ItemsManagementSteps.the_item_is_added_to_the_item_list_table()"
            },
            "keyword": "Then "
          },
          {
            "result": {
              "duration": 3078078300,
              "status": "passed"
            },
            "line": 35,
            "name": "I delete the item created above",
            "match": {
              "location": "step_definitions.ItemsManagementSteps.i_delete_the_item_created_above()"
            },
            "keyword": "When "
          },
          {
            "result": {
              "error_message": "org.openqa.selenium.TimeoutException: Expected condition failed: waiting for visibility of Proxy element for: DefaultElementLocator \u0027By.xpath: //span[text()\u003d\u0027No Results Found\u0027]\u0027 (tried for 8 second(s) with 500 milliseconds interval)\r\n\tat org.openqa.selenium.support.ui.WebDriverWait.timeoutException(WebDriverWait.java:95)\r\n\tat org.openqa.selenium.support.ui.FluentWait.until(FluentWait.java:272)\r\n\tat utilities.BrowserUtilities.waitUntilElementVisible(BrowserUtilities.java:28)\r\n\tat step_definitions.ItemsManagementSteps.the_item_is_no_longer_in_the_items_list_table(ItemsManagementSteps.java:136)\r\n\tat âœ½.The item is no longer in the items list table(file:///C:/Users/ahmtn/OneDrive/Desktop/PrimeTechJava/CucumberProjectNew/./src/test/resources/features/itemsManagement.feature:36)\r\nCaused by: org.openqa.selenium.NoSuchElementException: no such element: Unable to locate element: {\"method\":\"xpath\",\"selector\":\"//span[text()\u003d\u0027No Results Found\u0027]\"}\n  (Session info: chrome\u003d120.0.6099.130)\nFor documentation on this error, please visit: https://www.seleniumhq.org/exceptions/no_such_element.html\nBuild info: version: \u00273.141.59\u0027, revision: \u0027e82be7d358\u0027, time: \u00272018-11-14T08:17:03\u0027\nSystem info: host: \u0027DESKTOP-V1HDC3M\u0027, ip: \u0027192.168.4.167\u0027, os.name: \u0027Windows 10\u0027, os.arch: \u0027amd64\u0027, os.version: \u002710.0\u0027, java.version: \u002717.0.4.1\u0027\nDriver info: org.openqa.selenium.chrome.ChromeDriver\nCapabilities {acceptInsecureCerts: false, browserName: chrome, browserVersion: 120.0.6099.130, chrome: {chromedriverVersion: 120.0.6099.71 (9729082fe617..., userDataDir: C:\\Users\\ahmtn\\AppData\\Loca...}, fedcm:accounts: true, goog:chromeOptions: {debuggerAddress: localhost:53882}, javascriptEnabled: true, networkConnectionEnabled: false, pageLoadStrategy: normal, platform: WINDOWS, platformName: WINDOWS, proxy: Proxy(), setWindowRect: true, strictFileInteractability: false, timeouts: {implicit: 0, pageLoad: 300000, script: 30000}, unhandledPromptBehavior: dismiss and notify, webauthn:extension:credBlob: true, webauthn:extension:largeBlob: true, webauthn:extension:minPinLength: true, webauthn:extension:prf: true, webauthn:virtualAuthenticators: true}\nSession ID: 75349e3466771e88e819f4a7a9702391\n*** Element info: {Using\u003dxpath, value\u003d//span[text()\u003d\u0027No Results Found\u0027]}\r\n\tat java.base/jdk.internal.reflect.NativeConstructorAccessorImpl.newInstance0(Native Method)\r\n\tat java.base/jdk.internal.reflect.NativeConstructorAccessorImpl.newInstance(NativeConstructorAccessorImpl.java:77)\r\n\tat java.base/jdk.internal.reflect.DelegatingConstructorAccessorImpl.newInstance(DelegatingConstructorAccessorImpl.java:45)\r\n\tat java.base/java.lang.reflect.Constructor.newInstanceWithCaller(Constructor.java:499)\r\n\tat java.base/java.lang.reflect.Constructor.newInstance(Constructor.java:480)\r\n\tat org.openqa.selenium.remote.http.W3CHttpResponseCodec.createException(W3CHttpResponseCodec.java:187)\r\n\tat org.openqa.selenium.remote.http.W3CHttpResponseCodec.decode(W3CHttpResponseCodec.java:122)\r\n\tat org.openqa.selenium.remote.http.W3CHttpResponseCodec.decode(W3CHttpResponseCodec.java:49)\r\n\tat org.openqa.selenium.remote.HttpCommandExecutor.execute(HttpCommandExecutor.java:158)\r\n\tat org.openqa.selenium.remote.service.DriverCommandExecutor.execute(DriverCommandExecutor.java:83)\r\n\tat org.openqa.selenium.remote.RemoteWebDriver.execute(RemoteWebDriver.java:552)\r\n\tat org.openqa.selenium.remote.RemoteWebDriver.findElement(RemoteWebDriver.java:323)\r\n\tat org.openqa.selenium.remote.RemoteWebDriver.findElementByXPath(RemoteWebDriver.java:428)\r\n\tat org.openqa.selenium.By$ByXPath.findElement(By.java:353)\r\n\tat org.openqa.selenium.remote.RemoteWebDriver.findElement(RemoteWebDriver.java:315)\r\n\tat org.openqa.selenium.support.pagefactory.DefaultElementLocator.findElement(DefaultElementLocator.java:69)\r\n\tat org.openqa.selenium.support.pagefactory.internal.LocatingElementHandler.invoke(LocatingElementHandler.java:38)\r\n\tat jdk.proxy2/jdk.proxy2.$Proxy19.isDisplayed(Unknown Source)\r\n\tat org.openqa.selenium.support.ui.ExpectedConditions.elementIfVisible(ExpectedConditions.java:314)\r\n\tat org.openqa.selenium.support.ui.ExpectedConditions.access$000(ExpectedConditions.java:43)\r\n\tat org.openqa.selenium.support.ui.ExpectedConditions$10.apply(ExpectedConditions.java:300)\r\n\tat org.openqa.selenium.support.ui.ExpectedConditions$10.apply(ExpectedConditions.java:297)\r\n\tat org.openqa.selenium.support.ui.FluentWait.until(FluentWait.java:249)\r\n\tat utilities.BrowserUtilities.waitUntilElementVisible(BrowserUtilities.java:28)\r\n\tat step_definitions.ItemsManagementSteps.the_item_is_no_longer_in_the_items_list_table(ItemsManagementSteps.java:136)\r\n\tat java.base/jdk.internal.reflect.NativeMethodAccessorImpl.invoke0(Native Method)\r\n\tat java.base/jdk.internal.reflect.NativeMethodAccessorImpl.invoke(NativeMethodAccessorImpl.java:77)\r\n\tat java.base/jdk.internal.reflect.DelegatingMethodAccessorImpl.invoke(DelegatingMethodAccessorImpl.java:43)\r\n\tat java.base/java.lang.reflect.Method.invoke(Method.java:568)\r\n\tat io.cucumber.java.Invoker.doInvoke(Invoker.java:66)\r\n\tat io.cucumber.java.Invoker.invoke(Invoker.java:24)\r\n\tat io.cucumber.java.AbstractGlueDefinition.invokeMethod(AbstractGlueDefinition.java:47)\r\n\tat io.cucumber.java.JavaStepDefinition.execute(JavaStepDefinition.java:29)\r\n\tat io.cucumber.core.runner.CoreStepDefinition.execute(CoreStepDefinition.java:66)\r\n\tat io.cucumber.core.runner.PickleStepDefinitionMatch.runStep(PickleStepDefinitionMatch.java:63)\r\n\tat io.cucumber.core.runner.ExecutionMode$1.execute(ExecutionMode.java:10)\r\n\tat io.cucumber.core.runner.TestStep.executeStep(TestStep.java:92)\r\n\tat io.cucumber.core.runner.TestStep.run(TestStep.java:64)\r\n\tat io.cucumber.core.runner.PickleStepTestStep.run(PickleStepTestStep.java:51)\r\n\tat io.cucumber.core.runner.TestCase.run(TestCase.java:104)\r\n\tat io.cucumber.core.runner.Runner.runPickle(Runner.java:73)\r\n\tat io.cucumber.junit.PickleRunners$NoStepDescriptions.run(PickleRunners.java:151)\r\n\tat io.cucumber.junit.FeatureRunner.runChild(FeatureRunner.java:135)\r\n\tat io.cucumber.junit.FeatureRunner.runChild(FeatureRunner.java:27)\r\n\tat org.junit.runners.ParentRunner$4.run(ParentRunner.java:331)\r\n\tat org.junit.runners.ParentRunner$1.schedule(ParentRunner.java:79)\r\n\tat org.junit.runners.ParentRunner.runChildren(ParentRunner.java:329)\r\n\tat org.junit.runners.ParentRunner.access$100(ParentRunner.java:66)\r\n\tat org.junit.runners.ParentRunner$2.evaluate(ParentRunner.java:293)\r\n\tat org.junit.runners.ParentRunner$3.evaluate(ParentRunner.java:306)\r\n\tat org.junit.runners.ParentRunner.run(ParentRunner.java:413)\r\n\tat io.cucumber.junit.Cucumber.runChild(Cucumber.java:200)\r\n\tat io.cucumber.junit.Cucumber.runChild(Cucumber.java:90)\r\n\tat org.junit.runners.ParentRunner$4.run(ParentRunner.java:331)\r\n\tat org.junit.runners.ParentRunner$1.schedule(ParentRunner.java:79)\r\n\tat org.junit.runners.ParentRunner.runChildren(ParentRunner.java:329)\r\n\tat org.junit.runners.ParentRunner.access$100(ParentRunner.java:66)\r\n\tat org.junit.runners.ParentRunner$2.evaluate(ParentRunner.java:293)\r\n\tat io.cucumber.junit.Cucumber$RunCucumber.evaluate(Cucumber.java:235)\r\n\tat org.junit.runners.ParentRunner$3.evaluate(ParentRunner.java:306)\r\n\tat org.junit.runners.ParentRunner.run(ParentRunner.java:413)\r\n\tat org.eclipse.jdt.internal.junit4.runner.JUnit4TestReference.run(JUnit4TestReference.java:93)\r\n\tat org.eclipse.jdt.internal.junit.runner.TestExecution.run(TestExecution.java:40)\r\n\tat org.eclipse.jdt.internal.junit.runner.RemoteTestRunner.runTests(RemoteTestRunner.java:529)\r\n\tat org.eclipse.jdt.internal.junit.runner.RemoteTestRunner.runTests(RemoteTestRunner.java:756)\r\n\tat org.eclipse.jdt.internal.junit.runner.RemoteTestRunner.run(RemoteTestRunner.java:452)\r\n\tat org.eclipse.jdt.internal.junit.runner.RemoteTestRunner.main(RemoteTestRunner.java:210)\r\n",
              "duration": 15614154600,
              "status": "failed"
            },
            "line": 36,
            "name": "The item is no longer in the items list table",
            "match": {
              "location": "step_definitions.ItemsManagementSteps.the_item_is_no_longer_in_the_items_list_table()"
            },
            "keyword": "Then "
          }
        ],
        "tags": [
          {
            "name": "@regression"
          },
          {
            "name": "@itemsTests"
          },
          {
            "name": "@deleteItem"
          }
        ]
      }
    ],
    "name": "Items Management",
    "description": "",
    "id": "items-management",
    "keyword": "Feature",
    "uri": "file:src/test/resources/features/itemsManagement.feature",
    "tags": [
      {
        "name": "@regression",
        "type": "Tag",
        "location": {
          "line": 1,
          "column": 1
        }
      },
      {
        "name": "@itemsTests",
        "type": "Tag",
        "location": {
          "line": 1,
          "column": 13
        }
      }
    ]
  }
]